  main.cpp
c:\users\junaid mansur ifti\source\repos\spl\spl\main.cpp(21): warning C4305: 'initializing': truncation from 'double' to 'float'
c:\users\junaid mansur ifti\source\repos\spl\spl\main.cpp(31): warning C4244: 'argument': conversion from 'int' to 'T', possible loss of data
          with
          [
              T=float
          ]
c:\users\junaid mansur ifti\source\repos\spl\spl\main.cpp(33): warning C4244: 'argument': conversion from 'int' to 'T', possible loss of data
          with
          [
              T=float
          ]
c:\users\junaid mansur ifti\source\repos\spl\spl\main.cpp(35): warning C4244: 'argument': conversion from 'int' to 'T', possible loss of data
          with
          [
              T=float
          ]
c:\users\junaid mansur ifti\source\repos\spl\spl\main.cpp(37): warning C4244: 'argument': conversion from 'int' to 'T', possible loss of data
          with
          [
              T=float
          ]
c:\users\junaid mansur ifti\source\repos\spl\spl\main.cpp(113): warning C4244: 'argument': conversion from 'float' to 'T', possible loss of data
          with
          [
              T=int
          ]
c:\users\junaid mansur ifti\source\repos\spl\spl\main.cpp(191): warning C4244: 'argument': conversion from 'double' to 'float', possible loss of data
c:\users\junaid mansur ifti\source\repos\spl\spl\main.cpp(215): warning C4244: '=': conversion from 'int' to 'float', possible loss of data
c:\users\junaid mansur ifti\source\repos\spl\spl\main.cpp(219): warning C4305: '=': truncation from 'double' to 'float'
c:\users\junaid mansur ifti\source\repos\spl\spl\main.cpp(234): warning C4305: '=': truncation from 'double' to 'float'
c:\users\junaid mansur ifti\source\repos\spl\spl\main.cpp(274): warning C4244: '=': conversion from 'double' to 'float', possible loss of data
c:\users\junaid mansur ifti\source\repos\spl\spl\main.cpp(314): warning C4305: '+=': truncation from 'double' to 'float'
c:\users\junaid mansur ifti\source\repos\spl\spl\main.cpp(321): warning C4305: '-=': truncation from 'double' to 'float'
c:\users\junaid mansur ifti\source\repos\spl\spl\main.cpp(339): warning C4244: '*=': conversion from 'double' to 'int', possible loss of data
c:\users\junaid mansur ifti\source\repos\spl\spl\main.cpp(372): warning C4244: '=': conversion from 'double' to 'int', possible loss of data
c:\users\junaid mansur ifti\source\repos\spl\spl\main.cpp(378): warning C4244: '=': conversion from 'double' to 'int', possible loss of data
c:\users\junaid mansur ifti\source\repos\spl\spl\main.cpp(390): warning C4244: 'initializing': conversion from 'float' to 'int', possible loss of data
c:\users\junaid mansur ifti\source\repos\spl\spl\main.cpp(404): warning C4244: 'argument': conversion from 'float' to 'int', possible loss of data
c:\users\junaid mansur ifti\source\repos\spl\spl\main.cpp(410): warning C4244: '=': conversion from 'int' to 'float', possible loss of data
c:\users\junaid mansur ifti\source\repos\spl\spl\main.cpp(414): warning C4244: '=': conversion from 'float' to 'int', possible loss of data
c:\users\junaid mansur ifti\source\repos\spl\spl\main.cpp(426): warning C4244: 'argument': conversion from 'float' to 'int', possible loss of data
c:\users\junaid mansur ifti\source\repos\spl\spl\main.cpp(428): warning C4244: 'argument': conversion from 'double' to 'int', possible loss of data
c:\users\junaid mansur ifti\source\repos\spl\spl\main.cpp(428): warning C4244: 'argument': conversion from 'float' to 'int', possible loss of data
c:\users\junaid mansur ifti\source\repos\spl\spl\main.cpp(430): warning C4244: 'argument': conversion from 'float' to 'int', possible loss of data
  SPL.vcxproj -> C:\Users\Junaid Mansur Ifti\source\repos\SPL\Debug\SPL.exe
